<?xml version="1.0" encoding="UTF-8"?>
<testng-results ignored="0" total="1" passed="1" failed="0" skipped="0">
  <reporter-output>
  </reporter-output>
  <suite started-at="2024-02-15T11:44:13 CST" name="Default suite" finished-at="2024-02-15T11:45:05 CST" duration-ms="52191">
    <groups>
    </groups>
    <test started-at="2024-02-15T11:44:13 CST" name="Default test" finished-at="2024-02-15T11:45:05 CST" duration-ms="52191">
      <class name="com.webstaurantstore.tests.StainlessTableAddAndCheckOut">
        <test-method signature="addItemAndDeleteItemFromCart()[pri:0, instance:com.webstaurantstore.tests.StainlessTableAddAndCheckOut@3646a422]" started-at="2024-02-15T11:44:13 CST" name="addItemAndDeleteItemFromCart" finished-at="2024-02-15T11:45:05 CST" duration-ms="52156" status="PASS">
          <reporter-output>
          </reporter-output>
        </test-method> <!-- addItemAndDeleteItemFromCart -->
      </class> <!-- com.webstaurantstore.tests.StainlessTableAddAndCheckOut -->
    </test> <!-- Default test -->
  </suite> <!-- Default suite -->
</testng-results>
